============================= test session starts =============================
platform win32 -- Python 3.13.2, pytest-9.0.2, pluggy-1.6.0 -- D:\Spec-driven_Hackthon\AI-driven-todo-App\Phase-I\src\.venv\Scripts\python.exe
cachedir: .pytest_cache
rootdir: D:\Spec-driven_Hackthon\AI-driven-todo-App\Phase-I\src
configfile: pyproject.toml
plugins: cov-7.0.0
collecting ... collected 114 items

test/test_task.py::TestTaskModel::test_task_creation_with_all_fields PASSED [  0%]
test/test_task.py::TestTaskModel::test_task_creation_with_minimal_fields PASSED [  1%]
test/test_task.py::TestTaskModel::test_task_default_description_is_empty_string PASSED [  2%]
test/test_task.py::TestTaskModel::test_task_default_is_complete_is_false PASSED [  3%]
test/test_task.py::TestTaskModel::test_task_with_long_title PASSED       [  4%]
test/test_task.py::TestTaskModel::test_task_with_long_description PASSED [  5%]
test/test_task.py::TestTaskModel::test_task_id_is_integer PASSED         [  6%]
test/test_task.py::TestTaskModel::test_task_is_dataclass PASSED          [  7%]
test/test_task.py::TestTaskModel::test_task_repr_contains_fields PASSED  [  7%]
test/test_task.py::TestTaskModel::test_task_with_various_ids[1-1] PASSED [  8%]
test/test_task.py::TestTaskModel::test_task_with_various_ids[999-999] PASSED [  9%]
test/test_task.py::TestTaskModel::test_task_with_various_ids[100000-100000] PASSED [ 10%]
test/test_task.py::TestTaskModel::test_task_completion_toggle PASSED     [ 11%]
test/test_task.py::TestTaskModel::test_task_field_mutation PASSED        [ 12%]
test/test_task_service.py::TestTaskServiceInitialization::test_initialization_creates_empty_task_list PASSED [ 13%]
test/test_task_service.py::TestTaskServiceInitialization::test_initialization_sets_next_id_to_one PASSED [ 14%]
test/test_task_service.py::TestAddTask::test_add_task_with_title_only PASSED [ 14%]
test/test_task_service.py::TestAddTask::test_add_task_with_title_and_description PASSED [ 15%]
test/test_task_service.py::TestAddTask::test_add_task_assigns_sequential_ids PASSED [ 16%]
test/test_task_service.py::TestAddTask::test_add_task_default_incomplete_status PASSED [ 17%]
test/test_task_service.py::TestAddTask::test_add_task_returns_task_object PASSED [ 18%]
test/test_task_service.py::TestAddTask::test_add_multiple_tasks_all_stored PASSED [ 19%]
test/test_task_service.py::TestAddTask::test_add_task_with_empty_description PASSED [ 20%]
test/test_task_service.py::TestGetAllTasks::test_get_all_tasks_empty_list_when_no_tasks PASSED [ 21%]
test/test_task_service.py::TestGetAllTasks::test_get_all_tasks_returns_all_tasks PASSED [ 21%]
test/test_task_service.py::TestGetAllTasks::test_get_all_tasks_ordered_by_id PASSED [ 22%]
test/test_task_service.py::TestGetTask::test_get_task_existing_id_returns_task PASSED [ 23%]
test/test_task_service.py::TestGetTask::test_get_task_nonexistent_id_returns_none PASSED [ 24%]
test/test_task_service.py::TestGetTask::test_get_task_negative_id_returns_none PASSED [ 25%]
test/test_task_service.py::TestGetTask::test_get_task_zero_id_returns_none PASSED [ 26%]
test/test_task_service.py::TestGetTask::test_get_task_all_valid_ids[1] PASSED [ 27%]
test/test_task_service.py::TestGetTask::test_get_task_all_valid_ids[2] PASSED [ 28%]
test/test_task_service.py::TestGetTask::test_get_task_all_valid_ids[3] PASSED [ 28%]
test/test_task_service.py::TestMarkComplete::test_mark_complete_existing_task_returns_true PASSED [ 29%]
test/test_task_service.py::TestMarkComplete::test_mark_complete_updates_task_status PASSED [ 30%]
test/test_task_service.py::TestMarkComplete::test_mark_complete_nonexistent_task_returns_false PASSED [ 31%]
test/test_task_service.py::TestMarkComplete::test_mark_complete_already_complete_task PASSED [ 32%]
test/test_task_service.py::TestMarkComplete::test_mark_complete_does_not_affect_other_tasks PASSED [ 33%]
test/test_task_service.py::TestMarkIncomplete::test_mark_incomplete_existing_task_returns_true PASSED [ 34%]
test/test_task_service.py::TestMarkIncomplete::test_mark_incomplete_updates_task_status PASSED [ 35%]
test/test_task_service.py::TestMarkIncomplete::test_mark_incomplete_nonexistent_task_returns_false PASSED [ 35%]
test/test_task_service.py::TestMarkIncomplete::test_mark_incomplete_already_incomplete_task PASSED [ 36%]
test/test_task_service.py::TestUpdateTask::test_update_task_existing_task_returns_true PASSED [ 37%]
test/test_task_service.py::TestUpdateTask::test_update_task_updates_title_and_description PASSED [ 38%]
test/test_task_service.py::TestUpdateTask::test_update_task_nonexistent_task_returns_false PASSED [ 39%]
test/test_task_service.py::TestUpdateTask::test_update_task_preserves_completion_status PASSED [ 40%]
test/test_task_service.py::TestUpdateTask::test_update_task_with_empty_description PASSED [ 41%]
test/test_task_service.py::TestUpdateTask::test_update_task_preserves_id PASSED [ 42%]
test/test_task_service.py::TestDeleteTask::test_delete_task_existing_task_returns_true PASSED [ 42%]
test/test_task_service.py::TestDeleteTask::test_delete_task_removes_task PASSED [ 43%]
test/test_task_service.py::TestDeleteTask::test_delete_task_nonexistent_task_returns_false PASSED [ 44%]
test/test_task_service.py::TestDeleteTask::test_delete_task_reduces_task_count PASSED [ 45%]
test/test_task_service.py::TestDeleteTask::test_delete_task_does_not_affect_other_tasks PASSED [ 46%]
test/test_task_service.py::TestDeleteTask::test_delete_all_tasks PASSED  [ 47%]
test/test_task_service.py::TestDeleteTask::test_delete_task_does_not_reset_id_counter PASSED [ 48%]
test/test_task_service.py::TestTaskServiceIntegration::test_complete_crud_workflow PASSED [ 49%]
test/test_task_service.py::TestTaskServiceIntegration::test_multiple_tasks_independent_operations PASSED [ 50%]
test/test_validators.py::TestValidateId::test_validate_id_valid_positive_integer PASSED [ 50%]
test/test_validators.py::TestValidateId::test_validate_id_single_digit PASSED [ 51%]
test/test_validators.py::TestValidateId::test_validate_id_large_number PASSED [ 52%]
test/test_validators.py::TestValidateId::test_validate_id_zero_returns_error PASSED [ 53%]
test/test_validators.py::TestValidateId::test_validate_id_negative_returns_error PASSED [ 54%]
test/test_validators.py::TestValidateId::test_validate_id_non_numeric_returns_error PASSED [ 55%]
test/test_validators.py::TestValidateId::test_validate_id_float_returns_error PASSED [ 56%]
test/test_validators.py::TestValidateId::test_validate_id_empty_string_returns_error PASSED [ 57%]
test/test_validators.py::TestValidateId::test_validate_id_whitespace_returns_error PASSED [ 57%]
test/test_validators.py::TestValidateId::test_validate_id_mixed_alphanumeric_returns_error PASSED [ 58%]
test/test_validators.py::TestValidateId::test_validate_id_various_valid_numbers[1-1] PASSED [ 59%]
test/test_validators.py::TestValidateId::test_validate_id_various_valid_numbers[10-10] PASSED [ 60%]
test/test_validators.py::TestValidateId::test_validate_id_various_valid_numbers[100-100] PASSED [ 61%]
test/test_validators.py::TestValidateId::test_validate_id_various_valid_numbers[1000-1000] PASSED [ 62%]
test/test_validators.py::TestValidateId::test_validate_id_various_invalid_inputs[0] PASSED [ 63%]
test/test_validators.py::TestValidateId::test_validate_id_various_invalid_inputs[-1] PASSED [ 64%]
test/test_validators.py::TestValidateId::test_validate_id_various_invalid_inputs[-100] PASSED [ 64%]
test/test_validators.py::TestValidateId::test_validate_id_various_invalid_inputs[abc] PASSED [ 65%]
test/test_validators.py::TestValidateId::test_validate_id_various_invalid_inputs[1.5] PASSED [ 66%]
test/test_validators.py::TestValidateId::test_validate_id_various_invalid_inputs[] PASSED [ 67%]
test/test_validators.py::TestValidateId::test_validate_id_various_invalid_inputs[ ] PASSED [ 68%]
test/test_validators.py::TestValidateId::test_validate_id_various_invalid_inputs[!@#] PASSED [ 69%]
test/test_validators.py::TestValidateTitle::test_validate_title_valid_title PASSED [ 70%]
test/test_validators.py::TestValidateTitle::test_validate_title_trims_whitespace PASSED [ 71%]
test/test_validators.py::TestValidateTitle::test_validate_title_empty_string_returns_error PASSED [ 71%]
test/test_validators.py::TestValidateTitle::test_validate_title_whitespace_only_returns_error PASSED [ 72%]
test/test_validators.py::TestValidateTitle::test_validate_title_exactly_200_chars_no_warning PASSED [ 73%]
test/test_validators.py::TestValidateTitle::test_validate_title_over_200_chars_truncates PASSED [ 74%]
test/test_validators.py::TestValidateTitle::test_validate_title_201_chars_truncates PASSED [ 75%]
test/test_validators.py::TestValidateTitle::test_validate_title_single_character PASSED [ 76%]
test/test_validators.py::TestValidateTitle::test_validate_title_with_special_characters PASSED [ 77%]
test/test_validators.py::TestValidateTitle::test_validate_title_with_unicode PASSED [ 78%]
test/test_validators.py::TestValidateTitle::test_validate_title_whitespace_handling[Normal title-Normal title] PASSED [ 78%]
test/test_validators.py::TestValidateTitle::test_validate_title_whitespace_handling[  Trimmed  -Trimmed] PASSED [ 79%]
test/test_validators.py::TestValidateTitle::test_validate_title_whitespace_handling[\tTabbed\t-Tabbed] PASSED [ 80%]
test/test_validators.py::TestValidateTitle::test_validate_title_whitespace_handling[\nNewlined\n-Newlined] PASSED [ 81%]
test/test_validators.py::TestValidateDescription::test_validate_description_valid_description PASSED [ 82%]
test/test_validators.py::TestValidateDescription::test_validate_description_trims_whitespace PASSED [ 83%]
test/test_validators.py::TestValidateDescription::test_validate_description_empty_string PASSED [ 84%]
test/test_validators.py::TestValidateDescription::test_validate_description_whitespace_only PASSED [ 85%]
test/test_validators.py::TestValidateDescription::test_validate_description_exactly_1000_chars_no_warning PASSED [ 85%]
test/test_validators.py::TestValidateDescription::test_validate_description_over_1000_chars_truncates PASSED [ 86%]
test/test_validators.py::TestValidateDescription::test_validate_description_1001_chars_truncates PASSED [ 87%]
test/test_validators.py::TestValidateDescription::test_validate_description_multiline PASSED [ 88%]
test/test_validators.py::TestValidateDescription::test_validate_description_with_special_characters PASSED [ 89%]
test/test_validators.py::TestValidateDescription::test_validate_description_with_unicode PASSED [ 90%]
test/test_validators.py::TestValidateDescription::test_validate_description_whitespace_handling[Normal description-Normal description] PASSED [ 91%]
test/test_validators.py::TestValidateDescription::test_validate_description_whitespace_handling[  Trimmed  -Trimmed] PASSED [ 92%]
test/test_validators.py::TestValidateDescription::test_validate_description_whitespace_handling[\tTabbed\t-Tabbed] PASSED [ 92%]
test/test_validators.py::TestValidateDescription::test_validate_description_whitespace_handling[\nNewlined\n-Newlined] PASSED [ 93%]
test/test_validators.py::TestValidateDescription::test_validate_description_whitespace_handling[-] PASSED [ 94%]
test/test_validators.py::TestValidateDescription::test_validate_description_whitespace_handling[   -] PASSED [ 95%]
test/test_validators.py::TestValidateDescription::test_validate_description_preserves_internal_whitespace PASSED [ 96%]
test/test_validators.py::TestValidatorsIntegration::test_typical_task_creation_flow PASSED [ 97%]
test/test_validators.py::TestValidatorsIntegration::test_task_creation_with_long_inputs PASSED [ 98%]
test/test_validators.py::TestValidatorsIntegration::test_task_creation_with_invalid_inputs PASSED [ 99%]
test/test_validators.py::TestValidatorsIntegration::test_minimal_valid_task_data PASSED [100%]

=============================== tests coverage ================================
_______________ coverage: platform win32, python 3.13.2-final-0 _______________

Name                       Stmts   Miss  Cover   Missing
--------------------------------------------------------
lib\__init__.py                2      0   100%
lib\validators.py             24      0   100%
models\__init__.py             2      0   100%
models\task.py                 7      0   100%
services\__init__.py           2      0   100%
services\task_service.py      39      0   100%
--------------------------------------------------------
TOTAL                         76      0   100%
============================= 114 passed in 3.53s =============================
